1611784594601	geckodriver	INFO	Listening on 127.0.0.1:59209
1611784597629	mozrunner::runner	INFO	Running command: "C:\\Program Files\\Mozilla Firefox\\firefox.exe" "--marionette" "-foreground" "-no-remote" "-profile" "C:\\Users\\RaduE\\AppData\\Local\\Temp\\rust_mozprofilevZYs8o"
console.warn: SearchSettings: "get: No settings file exists, new profile?" (new Error("", "(unknown module)"))
console.warn: SearchSettings: "get: No settings file exists, new profile?" (new Error("", "(unknown module)"))
1611784600032	Marionette	INFO	Listening on port 59224
1611784600253	Marionette	WARN	TLS certificate errors will be ignored for this session
1611784600263	Marionette	ERROR	[15] No reply from Marionette:Register
1611784621030	Marionette	INFO	Stopped listening on port 59224

###!!! [Child][RunMessage] Error: Channel closing: too late to send/recv, messages will be lost

1611785076301	geckodriver	INFO	Listening on 127.0.0.1:59834
1611785079349	mozrunner::runner	INFO	Running command: "C:\\Program Files\\Mozilla Firefox\\firefox.exe" "--marionette" "-foreground" "-no-remote" "-profile" "C:\\Users\\RaduE\\AppData\\Local\\Temp\\rust_mozprofiletzOPPM"
console.warn: SearchSettings: "get: No settings file exists, new profile?" (new Error("", "(unknown module)"))
1611785081676	Marionette	INFO	Listening on port 59847
1611785081974	Marionette	WARN	TLS certificate errors will be ignored for this session
1611785081984	Marionette	ERROR	[18] No reply from Marionette:Register
1611785090688	Marionette	INFO	Stopped listening on port 59847

###!!! [Child][RunMessage] Error: Channel closing: too late to send/recv, messages will be lost

1611785155252	geckodriver	INFO	Listening on 127.0.0.1:60023
1611785158290	mozrunner::runner	INFO	Running command: "C:\\Program Files\\Mozilla Firefox\\firefox.exe" "--marionette" "-foreground" "-no-remote" "-profile" "C:\\Users\\RaduE\\AppData\\Local\\Temp\\rust_mozprofileQq0yFT"
console.warn: SearchSettings: "get: No settings file exists, new profile?" (new Error("", "(unknown module)"))
console.warn: SearchSettings: "get: No settings file exists, new profile?" (new Error("", "(unknown module)"))
1611785160085	Marionette	INFO	Listening on port 60036
1611785160319	Marionette	WARN	TLS certificate errors will be ignored for this session
1611785160329	Marionette	ERROR	[18] No reply from Marionette:Register
[Parent 19144, IPC I/O Parent] WARNING: file /builds/worker/checkouts/gecko/ipc/chromium/src/base/process_util_win.cc:167
1611785191730	Marionette	INFO	Stopped listening on port 60036

###!!! [Child][RunMessage] Error: Channel closing: too late to send/recv, messages will be lost

1611785281549	geckodriver	INFO	Listening on 127.0.0.1:60245
1611785284588	mozrunner::runner	INFO	Running command: "C:\\Program Files\\Mozilla Firefox\\firefox.exe" "--marionette" "-foreground" "-no-remote" "-profile" "C:\\Users\\RaduE\\AppData\\Local\\Temp\\rust_mozprofilexMKRAf"
console.warn: SearchSettings: "get: No settings file exists, new profile?" (new Error("", "(unknown module)"))
console.warn: SearchSettings: "get: No settings file exists, new profile?" (new Error("", "(unknown module)"))
1611785286465	Marionette	INFO	Listening on port 60258
1611785286611	Marionette	WARN	TLS certificate errors will be ignored for this session
1611785286621	Marionette	ERROR	[18] No reply from Marionette:Register
[Parent 10620, IPC I/O Parent] WARNING: file /builds/worker/checkouts/gecko/ipc/chromium/src/base/process_util_win.cc:167
1611785292744	Marionette	INFO	Stopped listening on port 60258

###!!! [Child][RunMessage] Error: Channel closing: too late to send/recv, messages will be lost

1611785349137	geckodriver	INFO	Listening on 127.0.0.1:60391
1611785352183	mozrunner::runner	INFO	Running command: "C:\\Program Files\\Mozilla Firefox\\firefox.exe" "--marionette" "-foreground" "-no-remote" "-profile" "C:\\Users\\RaduE\\AppData\\Local\\Temp\\rust_mozprofileBNfgQx"
console.warn: SearchSettings: "get: No settings file exists, new profile?" (new Error("", "(unknown module)"))
console.warn: SearchSettings: "get: No settings file exists, new profile?" (new Error("", "(unknown module)"))
1611785354034	Marionette	INFO	Listening on port 60407
1611785354212	Marionette	WARN	TLS certificate errors will be ignored for this session
1611785354224	Marionette	ERROR	[15] No reply from Marionette:Register
JavaScript warning: https://static-exp1.licdn.com/sc/h/837in9m0n25atj9r32p7a1zhr, line 4528: unreachable code after return statement
JavaScript warning: https://static-exp1.licdn.com/sc/h/837in9m0n25atj9r32p7a1zhr, line 4528: unreachable code after return statement
JavaScript error: , line 0: uncaught exception: Object
JavaScript warning: https://static-exp1.licdn.com/sc/h/837in9m0n25atj9r32p7a1zhr, line 4528: unreachable code after return statement
JavaScript warning: https://static-exp1.licdn.com/sc/h/837in9m0n25atj9r32p7a1zhr, line 4528: unreachable code after return statement
Handler function _httpStopRequest threw an exception: [Exception... "Component returned failure code: 0x80004005 (NS_ERROR_FAILURE) [nsITraceableChannel.setNewListener]"  nsresult: "0x80004005 (NS_ERROR_FAILURE)"  location: "JS frame :: resource://devtools/server/actors/network-monitor/network-observer.js :: _setupResponseListener :: line 1086"  data: no]
Stack: _setupResponseListener@resource://devtools/server/actors/network-monitor/network-observer.js:1086:38
_createNetworkEvent@resource://devtools/server/actors/network-monitor/network-observer.js:912:12
_httpStopRequest@resource://devtools/server/actors/network-monitor/network-observer.js:409:14
exports.makeInfallible/<@resource://devtools/shared/ThreadSafeDevToolsUtils.js:103:22
Line: 1086, column: 0
console.error: ({})
Handler function _httpStopRequest threw an exception: [Exception... "Component returned failure code: 0x80004005 (NS_ERROR_FAILURE) [nsITraceableChannel.setNewListener]"  nsresult: "0x80004005 (NS_ERROR_FAILURE)"  location: "JS frame :: resource://devtools/server/actors/network-monitor/network-observer.js :: _setupResponseListener :: line 1086"  data: no]
Stack: _setupResponseListener@resource://devtools/server/actors/network-monitor/network-observer.js:1086:38
_createNetworkEvent@resource://devtools/server/actors/network-monitor/network-observer.js:912:12
_httpStopRequest@resource://devtools/server/actors/network-monitor/network-observer.js:409:14
exports.makeInfallible/<@resource://devtools/shared/ThreadSafeDevToolsUtils.js:103:22
Line: 1086, column: 0
console.error: ({})
JavaScript warning: https://static-exp1.licdn.com/sc/h/837in9m0n25atj9r32p7a1zhr, line 4528: unreachable code after return statement
1611785455471	Marionette	INFO	Stopped listening on port 60407
1611787172605	geckodriver	INFO	Listening on 127.0.0.1:61532
1611787175663	mozrunner::runner	INFO	Running command: "C:\\Program Files\\Mozilla Firefox\\firefox.exe" "--marionette" "-foreground" "-no-remote" "-profile" "C:\\Users\\RaduE\\AppData\\Local\\Temp\\rust_mozprofileoWXBJc"
console.warn: SearchSettings: "get: No settings file exists, new profile?" (new Error("", "(unknown module)"))
console.warn: SearchSettings: "get: No settings file exists, new profile?" (new Error("", "(unknown module)"))
1611787177509	Marionette	INFO	Listening on port 61545
1611787177683	Marionette	WARN	TLS certificate errors will be ignored for this session
1611787177696	Marionette	ERROR	[18] No reply from Marionette:Register
1611787201653	Marionette	INFO	Stopped listening on port 61545

###!!! [Child][RunMessage] Error: Channel closing: too late to send/recv, messages will be lost

1611787410794	geckodriver	INFO	Listening on 127.0.0.1:61828
1611787413852	mozrunner::runner	INFO	Running command: "C:\\Program Files\\Mozilla Firefox\\firefox.exe" "--marionette" "-foreground" "-no-remote" "-profile" "C:\\Users\\RaduE\\AppData\\Local\\Temp\\rust_mozprofiledKRXBX"
console.warn: SearchSettings: "get: No settings file exists, new profile?" (new Error("", "(unknown module)"))
console.warn: SearchSettings: "get: No settings file exists, new profile?" (new Error("", "(unknown module)"))
1611787415684	Marionette	INFO	Listening on port 61847
1611787415871	Marionette	WARN	TLS certificate errors will be ignored for this session
1611787415882	Marionette	ERROR	[18] No reply from Marionette:Register
1611787481740	Marionette	INFO	Stopped listening on port 61847

###!!! [Child][RunMessage] Error: Channel closing: too late to send/recv, messages will be lost

1611787682151	geckodriver	INFO	Listening on 127.0.0.1:62167
1611787685207	mozrunner::runner	INFO	Running command: "C:\\Program Files\\Mozilla Firefox\\firefox.exe" "--marionette" "-foreground" "-no-remote" "-profile" "C:\\Users\\RaduE\\AppData\\Local\\Temp\\rust_mozprofileyb91RI"
console.warn: SearchSettings: "get: No settings file exists, new profile?" (new Error("", "(unknown module)"))
console.warn: SearchSettings: "get: No settings file exists, new profile?" (new Error("", "(unknown module)"))
1611787686916	Marionette	INFO	Listening on port 62181
1611787687229	Marionette	WARN	TLS certificate errors will be ignored for this session
1611787687244	Marionette	ERROR	[15] No reply from Marionette:Register
1611787698289	Marionette	ERROR	[35] No reply from Marionette:Register
1611787776597	Marionette	ERROR	[42] No reply from Marionette:Register
1611787778842	Marionette	INFO	Stopped listening on port 62181

###!!! [Child][RunMessage] Error: Channel closing: too late to send/recv, messages will be lost

1611788197456	geckodriver	INFO	Listening on 127.0.0.1:62622
1611788200503	mozrunner::runner	INFO	Running command: "C:\\Program Files\\Mozilla Firefox\\firefox.exe" "--marionette" "-foreground" "-no-remote" "-profile" "C:\\Users\\RaduE\\AppData\\Local\\Temp\\rust_mozprofileu0NMQa"
console.warn: SearchSettings: "get: No settings file exists, new profile?" (new Error("", "(unknown module)"))
console.warn: SearchSettings: "get: No settings file exists, new profile?" (new Error("", "(unknown module)"))
1611788202355	Marionette	INFO	Listening on port 62634
1611788202532	Marionette	WARN	TLS certificate errors will be ignored for this session
1611788202542	Marionette	ERROR	[18] No reply from Marionette:Register
1611788296271	geckodriver	INFO	Listening on 127.0.0.1:62824
1611788299323	mozrunner::runner	INFO	Running command: "C:\\Program Files\\Mozilla Firefox\\firefox.exe" "--marionette" "-foreground" "-no-remote" "-profile" "C:\\Users\\RaduE\\AppData\\Local\\Temp\\rust_mozprofilePhDqJf"
console.warn: SearchSettings: "get: No settings file exists, new profile?" (new Error("", "(unknown module)"))
console.warn: SearchSettings: "get: No settings file exists, new profile?" (new Error("", "(unknown module)"))
1611788301086	Marionette	INFO	Listening on port 62836
1611788301347	Marionette	WARN	TLS certificate errors will be ignored for this session
1611788301358	Marionette	ERROR	[15] No reply from Marionette:Register
JavaScript error: resource:///actors/ContentMetaChild.jsm, line 179: InvalidStateError: JSWindowActorChild.sendAsyncMessage: JSWindowActorChild cannot send at the moment
JavaScript error: https://static-exp1.licdn.com/sc/h/br/674pwzcfmmhrw0qeh9i3868fj, line 11908: Error: 403
1611788341335	geckodriver	INFO	Listening on 127.0.0.1:62979
1611788344387	mozrunner::runner	INFO	Running command: "C:\\Program Files\\Mozilla Firefox\\firefox.exe" "--marionette" "-foreground" "-no-remote" "-profile" "C:\\Users\\RaduE\\AppData\\Local\\Temp\\rust_mozprofileIN3XGz"
console.warn: SearchSettings: "get: No settings file exists, new profile?" (new Error("", "(unknown module)"))
console.warn: SearchSettings: "get: No settings file exists, new profile?" (new Error("", "(unknown module)"))
1611788346189	Marionette	INFO	Listening on port 62992
1611788346413	Marionette	WARN	TLS certificate errors will be ignored for this session
1611788346423	Marionette	ERROR	[15] No reply from Marionette:Register
1611788381852	geckodriver	INFO	Listening on 127.0.0.1:63127
1611788384902	mozrunner::runner	INFO	Running command: "C:\\Program Files\\Mozilla Firefox\\firefox.exe" "--marionette" "-foreground" "-no-remote" "-profile" "C:\\Users\\RaduE\\AppData\\Local\\Temp\\rust_mozprofileCZKAzs"
console.warn: SearchSettings: "get: No settings file exists, new profile?" (new Error("", "(unknown module)"))
console.warn: SearchSettings: "get: No settings file exists, new profile?" (new Error("", "(unknown module)"))
1611788386743	Marionette	INFO	Listening on port 63139
1611788386924	Marionette	WARN	TLS certificate errors will be ignored for this session
1611788386935	Marionette	ERROR	[18] No reply from Marionette:Register
1611788409765	geckodriver	INFO	Listening on 127.0.0.1:63278
1611788412816	mozrunner::runner	INFO	Running command: "C:\\Program Files\\Mozilla Firefox\\firefox.exe" "--marionette" "-foreground" "-no-remote" "-profile" "C:\\Users\\RaduE\\AppData\\Local\\Temp\\rust_mozprofilehQnBTV"
console.warn: SearchSettings: "get: No settings file exists, new profile?" (new Error("", "(unknown module)"))
console.warn: SearchSettings: "get: No settings file exists, new profile?" (new Error("", "(unknown module)"))
1611788414680	Marionette	INFO	Listening on port 63288
1611788414841	Marionette	WARN	TLS certificate errors will be ignored for this session
1611788414853	Marionette	ERROR	[18] No reply from Marionette:Register
JavaScript error: https://static-exp1.licdn.com/sc/h/br/674pwzcfmmhrw0qeh9i3868fj, line 11908: Error: 403
1611788435215	geckodriver	INFO	Listening on 127.0.0.1:63426
1611788438256	mozrunner::runner	INFO	Running command: "C:\\Program Files\\Mozilla Firefox\\firefox.exe" "--marionette" "-foreground" "-no-remote" "-profile" "C:\\Users\\RaduE\\AppData\\Local\\Temp\\rust_mozprofilePDB0a9"
console.warn: SearchSettings: "get: No settings file exists, new profile?" (new Error("", "(unknown module)"))
console.warn: SearchSettings: "get: No settings file exists, new profile?" (new Error("", "(unknown module)"))
1611788440247	Marionette	INFO	Listening on port 63438
1611788440288	Marionette	WARN	TLS certificate errors will be ignored for this session
1611788440301	Marionette	ERROR	[15] No reply from Marionette:Register
1611788476297	geckodriver	INFO	Listening on 127.0.0.1:63577
1611788479348	mozrunner::runner	INFO	Running command: "C:\\Program Files\\Mozilla Firefox\\firefox.exe" "--marionette" "-foreground" "-no-remote" "-profile" "C:\\Users\\RaduE\\AppData\\Local\\Temp\\rust_mozprofilepshPrl"
console.warn: SearchSettings: "get: No settings file exists, new profile?" (new Error("", "(unknown module)"))
console.warn: SearchSettings: "get: No settings file exists, new profile?" (new Error("", "(unknown module)"))
1611788481212	Marionette	INFO	Listening on port 63589
1611788481370	Marionette	WARN	TLS certificate errors will be ignored for this session
1611788481383	Marionette	ERROR	[15] No reply from Marionette:Register
1611788510413	geckodriver	INFO	Listening on 127.0.0.1:63735
1611788513461	mozrunner::runner	INFO	Running command: "C:\\Program Files\\Mozilla Firefox\\firefox.exe" "--marionette" "-foreground" "-no-remote" "-profile" "C:\\Users\\RaduE\\AppData\\Local\\Temp\\rust_mozprofilemrR2wk"
console.warn: SearchSettings: "get: No settings file exists, new profile?" (new Error("", "(unknown module)"))
console.warn: SearchSettings: "get: No settings file exists, new profile?" (new Error("", "(unknown module)"))
1611788515356	Marionette	INFO	Listening on port 63748
1611788515486	Marionette	WARN	TLS certificate errors will be ignored for this session
1611788515497	Marionette	ERROR	[15] No reply from Marionette:Register
JavaScript error: https://static-exp1.licdn.com/sc/h/br/674pwzcfmmhrw0qeh9i3868fj, line 1399: TypeError: Network request failed
1611788605937	Marionette	INFO	Stopped listening on port 63748
1611788607864	geckodriver	INFO	Listening on 127.0.0.1:63898
1611788610914	mozrunner::runner	INFO	Running command: "C:\\Program Files\\Mozilla Firefox\\firefox.exe" "--marionette" "-foreground" "-no-remote" "-profile" "C:\\Users\\RaduE\\AppData\\Local\\Temp\\rust_mozprofilevLY1MX"
console.warn: SearchSettings: "get: No settings file exists, new profile?" (new Error("", "(unknown module)"))
console.warn: SearchSettings: "get: No settings file exists, new profile?" (new Error("", "(unknown module)"))
1611788612584	Marionette	INFO	Listening on port 63908
1611788612932	Marionette	WARN	TLS certificate errors will be ignored for this session
1611788612944	Marionette	ERROR	[18] No reply from Marionette:Register
1611788757663	Marionette	INFO	Stopped listening on port 63908
1611788764933	geckodriver	INFO	Listening on 127.0.0.1:64104
1611788767981	mozrunner::runner	INFO	Running command: "C:\\Program Files\\Mozilla Firefox\\firefox.exe" "--marionette" "-foreground" "-no-remote" "-profile" "C:\\Users\\RaduE\\AppData\\Local\\Temp\\rust_mozprofilexlMPLP"
console.warn: SearchSettings: "get: No settings file exists, new profile?" (new Error("", "(unknown module)"))
console.warn: SearchSettings: "get: No settings file exists, new profile?" (new Error("", "(unknown module)"))
1611788769753	Marionette	INFO	Listening on port 64114
1611788770003	Marionette	WARN	TLS certificate errors will be ignored for this session
1611788770013	Marionette	ERROR	[18] No reply from Marionette:Register
1611788837817	Marionette	INFO	Stopped listening on port 64114

###!!! [Child][RunMessage] Error: Channel closing: too late to send/recv, messages will be lost

1611789056487	geckodriver	INFO	Listening on 127.0.0.1:64543
1611789059541	mozrunner::runner	INFO	Running command: "C:\\Program Files\\Mozilla Firefox\\firefox.exe" "--marionette" "-foreground" "-no-remote" "-profile" "C:\\Users\\RaduE\\AppData\\Local\\Temp\\rust_mozprofile4zcmfO"
console.warn: SearchSettings: "get: No settings file exists, new profile?" (new Error("", "(unknown module)"))
console.warn: SearchSettings: "get: No settings file exists, new profile?" (new Error("", "(unknown module)"))
1611789061320	Marionette	INFO	Listening on port 64556
1611789061561	Marionette	WARN	TLS certificate errors will be ignored for this session
1611789061571	Marionette	ERROR	[15] No reply from Marionette:Register
JavaScript error: https://static-exp1.licdn.com/sc/h/br/bnfs8m8qbxpuk9d32t1ukit4n, line 2447: TypeError: Ember.get(...) is not a function
JavaScript error: https://static-exp1.licdn.com/sc/h/br/bnfs8m8qbxpuk9d32t1ukit4n, line 2447: TypeError: Ember.get(...) is not a function
JavaScript error: https://static-exp1.licdn.com/sc/h/br/bnfs8m8qbxpuk9d32t1ukit4n, line 2447: TypeError: Ember.get(...) is not a function
JavaScript error: https://static-exp1.licdn.com/sc/h/br/bnfs8m8qbxpuk9d32t1ukit4n, line 2447: TypeError: Ember.get(...) is not a function
1611789176381	Marionette	INFO	Stopped listening on port 64556

###!!! [Child][RunMessage] Error: Channel closing: too late to send/recv, messages will be lost

1611789495615	geckodriver	INFO	Listening on 127.0.0.1:64906
1611789498662	mozrunner::runner	INFO	Running command: "C:\\Program Files\\Mozilla Firefox\\firefox.exe" "--marionette" "-foreground" "-no-remote" "-profile" "C:\\Users\\RaduE\\AppData\\Local\\Temp\\rust_mozprofileh3bqSg"
console.warn: SearchSettings: "get: No settings file exists, new profile?" (new Error("", "(unknown module)"))
console.warn: SearchSettings: "get: No settings file exists, new profile?" (new Error("", "(unknown module)"))
1611789500450	Marionette	INFO	Listening on port 64919
1611789500694	Marionette	WARN	TLS certificate errors will be ignored for this session
1611789500704	Marionette	ERROR	[18] No reply from Marionette:Register
JavaScript error: https://static-exp1.licdn.com/sc/h/br/674pwzcfmmhrw0qeh9i3868fj, line 6277: TypeError: this.get(...) is undefined
1611789546354	Marionette	INFO	Stopped listening on port 64919

###!!! [Child][RunMessage] Error: Channel closing: too late to send/recv, messages will be lost

"--marionette" "-foreground" "-no-remote" "-profile" "C:\\Users\\RaduE\\AppData\\Local\\Temp\\rust_mozprofileqm8GKm"
console.warn: SearchSettings: "get: No settings file exists, new profile?" (new Error("", "(unknown module)"))
1611789546720	Marionette	INFO	Listening on port 65074
1611789547180	Marionette	WARN	TLS certificate errors will be ignored for this session
1611789547188	Marionette	ERROR	[15] No reply from Marionette:Register
JavaScript error: https://static-exp1.licdn.com/sc/h/br/674pwzcfmmhrw0qeh9i3868fj, line 6277: TypeError: this.get(...) is undefined
1611789697918	Marionette	INFO	Stopped listening on port 65074

###!!! [Child][RunMessage] Error: Channel closing: too late to send/recv, messages will be lost

"--marionette" "-foreground" "-no-remote" "-profile" "C:\\Users\\RaduE\\AppData\\Local\\Temp\\rust_mozprofilekFe4zr"
console.warn: SearchSettings: "get: No settings file exists, new profile?" (new Error("", "(unknown module)"))
console.warn: SearchSettings: "get: No settings file exists, new profile?" (new Error("", "(unknown module)"))
1611789589688	Marionette	INFO	Listening on port 65254
1611789589802	Marionette	WARN	TLS certificate errors will be ignored for this session
1611789589815	Marionette	ERROR	[18] No reply from Marionette:Register
JavaScript error: https://static-exp1.licdn.com/sc/h/br/674pwzcfmmhrw0qeh9i3868fj, line 6277: TypeError: this.get(...) is undefined
1611789634786	Marionette	INFO	Stopped listening on port 6525161
###!!! [Child][RunMessage] Error: Channel closing: too late to send/recv, messages will be lost

"--marionette" "-foreground" "-no-remote" "-profile" "C:\\Users\\RaduE\\AppData\\Local\\Temp\\rust_mozprofileNEgLab"
console.warn: SearchSettings: "get: No settings file exists, new profile?" (new Error("", "(unknown module)"))
console.warn: SearchSettings: "get: No settings file exists, new profile?" (new Error("", "(unknown module)"))
1611789636721	Marionette	INFO	Listening on port 65418
1611789636816	Marionette	WARN	TLS certificate errors will be ignored for this session
1611789636830	Marionette	ERROR	[15] No reply from Marionette:Register
JavaScript error: https://static-exp1.licdn.com/sc/h/br/674pwzcfmmhrw0qeh9i3868fj, line 6277: TypeError: this.get(...) is undefined
1611789662503	Marionette	INFO	Stopped listening on port 65418
1611789664033	geckodriver	INFO	Listening on 127.0.0.1:49185
1611789667075	mozrunner::runner	INFO	Running command: "C:\\Program Files\\Mozilla Firefox\\firefox.exe" "--marionette" "-foreground" "-no-remote" "-profile" "C:\\Users\\RaduE\\AppData\\Local\\Temp\\rust_mozprofileRTLQFx"
console.warn: SearchSettings: "get: No settings file exists, new profile?" (new Error("", "(unknown module)"))
console.warn: SearchSettings: "get: No settings file exists, new profile?" (new Error("", "(unknown module)"))
1611789668991	Marionette	INFO	Listening on port 49197
1611789669104	Marionette	WARN	TLS certificate errors will be ignored for this session
1611789669117	Marionette	ERROR	[18] No reply from Marionette:Register
JavaScript error: https://static-exp1.licdn.com/sc/h/br/674pwzcfmmhrw0qeh9i3868fj, line 6277: TypeError: this.get(...) is undefined
1611789696621	Marionette	INFO	Stopped listening on port 49197

###!!! [Child][RunMessage] Error: Channel closing: too late to send/recv, messages will be lost

1611789745155	geckodriver	INFO	Listening on 127.0.0.1:49404
1611789748203	mozrunner::runner	INFO	Running command: "C:\\Program Files\\Mozilla Firefox\\firefox.exe" "--marionette" "-foreground" "-no-remote" "-profile" "C:\\Users\\RaduE\\AppData\\Local\\Temp\\rust_mozprofilenpxx8T"
console.warn: SearchSettings: "get: No settings file exists, new profile?" (new Error("", "(unknown module)"))
console.warn: SearchSettings: "get: No settings file exists, new profile?" (new Error("", "(unknown module)"))
1611789750086	Marionette	INFO	Listening on port 49418
1611789750228	Marionette	WARN	TLS certificate errors will be ignored for this session
1611789750238	Marionette	ERROR	[18] No reply from Marionette:Register
JavaScript error: https://static-exp1.licdn.com/sc/h/br/674pwzcfmmhrw0qeh9i3868fj, line 6277: TypeError: this.get(...) is undefined
1611789772303	Marionette	INFO	Stopped listening on port 49418
1611789811846	geckodriver	INFO	Listening on 127.0.0.1:49592
1611789814889	mozrunner::runner	INFO	Running command: "C:\\Program Files\\Mozilla Firefox\\firefox.exe" "--marionette" "-foreground" "-no-remote" "-profile" "C:\\Users\\RaduE\\AppData\\Local\\Temp\\rust_mozprofileW2pJ3h"
console.warn: SearchSettings: "get: No settings file exists, new profile?" (new Error("", "(unknown module)"))
console.warn: SearchSettings: "get: No settings file exists, new profile?" (new Error("", "(unknown module)"))
1611789816692	Marionette	INFO	Listening on port 49605
1611789816913	Marionette	WARN	TLS certificate errors will be ignored for this session
1611789816924	Marionette	ERROR	[15] No reply from Marionette:Register
JavaScript error: https://static-exp1.licdn.com/sc/h/br/bnfs8m8qbxpuk9d32t1ukit4n, line 2447: TypeError: Ember.get(...) is not a function
1611789842579	Marionette	INFO	Stopped listening on port 49605

###!!! [Child][RunMessage] Error: Channel closing: too late to send/recv, messages will be lost

1611789844960	geckodriver	INFO	Listening on 127.0.0.1:49760
1611789848002	mozrunner::runner	INFO	Running command: "C:\\Program Files\\Mozilla Firefox\\firefox.exe" "--marionette" "-foreground" "-no-remote" "-profile" "C:\\Users\\RaduE\\AppData\\Local\\Temp\\rust_mozprofileTH1S4i"
console.warn: SearchSettings: "get: No settings file exists, new profile?" (new Error("", "(unknown module)"))
console.warn: SearchSettings: "get: No settings file exists, new profile?" (new Error("", "(unknown module)"))
1611789849927	Marionette	INFO	Listening on port 49772
1611789850037	Marionette	WARN	TLS certificate errors will be ignored for this session
1611789850050	Marionette	ERROR	[15] No reply from Marionette:Register
JavaScript error: https://static-exp1.licdn.com/sc/h/br/bnfs8m8qbxpuk9d32t1ukit4n, line 2447: TypeError: Ember.get(...) is not a function
JavaScript error: https://static-exp1.licdn.com/sc/h/br/bnfs8m8qbxpuk9d32t1ukit4n, line 2447: TypeError: Ember.get(...) is not a function
JavaScript error: https://static-exp1.licdn.com/sc/h/br/bnfs8m8qbxpuk9d32t1ukit4n, line 2447: TypeError: Ember.get(...) is not a function
JavaScript error: https://static-exp1.licdn.com/sc/h/br/bnfs8m8qbxpuk9d32t1ukit4n, line 2447: TypeError: Ember.get(...) is not a function
JavaScript error: https://static-exp1.licdn.com/sc/h/br/bnfs8m8qbxpuk9d32t1ukit4n, line 2447: TypeError: Ember.get(...) is not a function
JavaScript error: https://static-exp1.licdn.com/sc/h/br/bnfs8m8qbxpuk9d32t1ukit4n, line 2447: TypeError: Ember.get(...) is not a function
JavaScript error: https://static-exp1.licdn.com/sc/h/br/bnfs8m8qbxpuk9d32t1ukit4n, line 2447: TypeError: Ember.get(...) is not a function
JavaScript error: https://static-exp1.licdn.com/sc/h/br/bnfs8m8qbxpuk9d32t1ukit4n, line 2447: TypeError: Ember.get(...) is not a function
JavaScript error: https://static-exp1.licdn.com/sc/h/br/bnfs8m8qbxpuk9d32t1ukit4n, line 2447: TypeError: Ember.get(...) is not a function
JavaScript error: https://static-exp1.licdn.com/sc/h/br/bnfs8m8qbxpuk9d32t1ukit4n, line 2447: TypeError: Ember.get(...) is not a function
JavaScript error: https://static-exp1.licdn.com/sc/h/br/bnfs8m8qbxpuk9d32t1ukit4n, line 2447: TypeError: Ember.get(...) is not a function
JavaScript error: https://static-exp1.licdn.com/sc/h/br/bnfs8m8qbxpuk9d32t1ukit4n, line 2447: TypeError: Ember.get(...) is not a function
JavaScript error: https://static-exp1.licdn.com/sc/h/br/bnfs8m8qbxpuk9d32t1ukit4n, line 2447: TypeError: Ember.get(...) is not a function
JavaScript error: https://static-exp1.licdn.com/sc/h/br/bnfs8m8qbxpuk9d32t1ukit4n, line 2447: TypeError: Ember.get(...) is not a function
JavaScript error: https://static-exp1.licdn.com/sc/h/br/bnfs8m8qbxpuk9d32t1ukit4n, line 2447: TypeError: Ember.get(...) is not a function
JavaScript error: https://static-exp1.licdn.com/sc/h/br/bnfs8m8qbxpuk9d32t1ukit4n, line 2447: TypeError: Ember.get(...) is not a function
JavaScript error: https://static-exp1.licdn.com/sc/h/br/bnfs8m8qbxpuk9d32t1ukit4n, line 2447: TypeError: Ember.get(...) is not a function
JavaScript error: https://static-exp1.licdn.com/sc/h/br/bnfs8m8qbxpuk9d32t1ukit4n, line 2447: TypeError: Ember.get(...) is not a function
JavaScript error: https://static-exp1.licdn.com/sc/h/br/bnfs8m8qbxpuk9d32t1ukit4n, line 2447: TypeError: Ember.get(...) is not a function
JavaScript error: https://static-exp1.licdn.com/sc/h/br/bnfs8m8qbxpuk9d32t1ukit4n, line 2447: TypeError: Ember.get(...) is not a function
JavaScript error: https://static-exp1.licdn.com/sc/h/br/bnfs8m8qbxpuk9d32t1ukit4n, line 2447: TypeError: Ember.get(...) is not a function
JavaScript error: https://static-exp1.licdn.com/sc/h/br/bnfs8m8qbxpuk9d32t1ukit4n, line 2447: TypeError: Ember.get(...) is not a function
JavaScript error: https://static-exp1.licdn.com/sc/h/br/bnfs8m8qbxpuk9d32t1ukit4n, line 2447: TypeError: Ember.get(...) is not a function
JavaScript error: https://static-exp1.licdn.com/sc/h/br/bnfs8m8qbxpuk9d32t1ukit4n, line 2447: TypeError: Ember.get(...) is not a function
JavaScript error: https://static-exp1.licdn.com/sc/h/br/bnfs8m8qbxpuk9d32t1ukit4n, line 2447: TypeError: Ember.get(...) is not a function
1611789883041	geckodriver	INFO	Listening on 127.0.0.1:49909
1611789886096	mozrunner::runner	INFO	Running command: "C:\\Program Files\\Mozilla Firefox\\firefox.exe" "--marionette" "-foreground" "-no-remote" "-profile" "C:\\Users\\RaduE\\AppData\\Local\\Temp\\rust_mozprofilek4LNZf"
console.warn: SearchSettings: "get: No settings file exists, new profile?" (new Error("", "(unknown module)"))
1611789887815	Marionette	INFO	Listening on port 49923
console.warn: SearchSettings: "get: No settings file exists, new profile?" (new Error("", "(unknown module)"))
1611789888115	Marionette	WARN	TLS certificate errors will be ignored for this session
1611789888125	Marionette	ERROR	[15] No reply from Marionette:Register
JavaScript error: https://static-exp1.licdn.com/sc/h/br/bnfs8m8qbxpuk9d32t1ukit4n, line 2447: TypeError: Ember.get(...) is not a function
JavaScript error: https://static-exp1.licdn.com/sc/h/br/bnfs8m8qbxpuk9d32t1ukit4n, line 2447: TypeError: Ember.get(...) is not a function
JavaScript error: https://static-exp1.licdn.com/sc/h/br/bnfs8m8qbxpuk9d32t1ukit4n, line 2447: TypeError: Ember.get(...) is not a function
JavaScript error: https://static-exp1.licdn.com/sc/h/br/bnfs8m8qbxpuk9d32t1ukit4n, line 2447: TypeError: Ember.get(...) is not a function
JavaScript error: https://static-exp1.licdn.com/sc/h/br/bnfs8m8qbxpuk9d32t1ukit4n, line 2447: TypeError: Ember.get(...) is not a function
JavaScript error: https://static-exp1.licdn.com/sc/h/br/bnfs8m8qbxpuk9d32t1ukit4n, line 2447: TypeError: Ember.get(...) is not a function
JavaScript error: https://static-exp1.licdn.com/sc/h/br/bnfs8m8qbxpuk9d32t1ukit4n, line 2447: TypeError: Ember.get(...) is not a function
JavaScript error: https://static-exp1.licdn.com/sc/h/br/bnfs8m8qbxpuk9d32t1ukit4n, line 2447: TypeError: Ember.get(...) is not a function
JavaScript error: https://static-exp1.licdn.com/sc/h/br/bnfs8m8qbxpuk9d32t1ukit4n, line 2447: TypeError: Ember.get(...) is not a function
JavaScript error: https://static-exp1.licdn.com/sc/h/br/bnfs8m8qbxpuk9d32t1ukit4n, line 2447: TypeError: Ember.get(...) is not a function
JavaScript error: https://static-exp1.licdn.com/sc/h/br/bnfs8m8qbxpuk9d32t1ukit4n, line 2447: TypeError: Ember.get(...) is not a function
JavaScript error: https://static-exp1.licdn.com/sc/h/br/bnfs8m8qbxpuk9d32t1ukit4n, line 2447: TypeError: Ember.get(...) is not a function
JavaScript error: https://static-exp1.licdn.com/sc/h/br/bnfs8m8qbxpuk9d32t1ukit4n, line 2447: TypeError: Ember.get(...) is not a function
JavaScript error: https://static-exp1.licdn.com/sc/h/br/bnfs8m8qbxpuk9d32t1ukit4n, line 2447: TypeError: Ember.get(...) is not a function
JavaScript error: https://static-exp1.licdn.com/sc/h/br/bnfs8m8qbxpuk9d32t1ukit4n, line 2447: TypeError: Ember.get(...) is not a function
JavaScript error: https://static-exp1.licdn.com/sc/h/br/bnfs8m8qbxpuk9d32t1ukit4n, line 2447: TypeError: Ember.get(...) is not a function
JavaScript error: https://static-exp1.licdn.com/sc/h/br/bnfs8m8qbxpuk9d32t1ukit4n, line 2447: TypeError: Ember.get(...) is not a function
JavaScript error: https://static-exp1.licdn.com/sc/h/br/bnfs8m8qbxpuk9d32t1ukit4n, line 2447: TypeError: Ember.get(...) is not a function
JavaScript error: https://static-exp1.licdn.com/sc/h/br/bnfs8m8qbxpuk9d32t1ukit4n, line 2447: TypeError: Ember.get(...) is not a function
JavaScript error: https://static-exp1.licdn.com/sc/h/br/bnfs8m8qbxpuk9d32t1ukit4n, line 2447: TypeError: Ember.get(...) is not a function
JavaScript error: https://static-exp1.licdn.com/sc/h/br/bnfs8m8qbxpuk9d32t1ukit4n, line 2447: TypeError: Ember.get(...) is not a function
JavaScript error: https://static-exp1.licdn.com/sc/h/br/bnfs8m8qbxpuk9d32t1ukit4n, line 2447: TypeError: Ember.get(...) is not a function
JavaScript error: https://static-exp1.licdn.com/sc/h/br/bnfs8m8qbxpuk9d32t1ukit4n, line 2447: TypeError: Ember.get(...) is not a function
JavaScript error: https://static-exp1.licdn.com/sc/h/br/bnfs8m8qbxpuk9d32t1ukit4n, line 2447: TypeError: Ember.get(...) is not a function
JavaScript error: https://static-exp1.licdn.com/sc/h/br/bnfs8m8qbxpuk9d32t1ukit4n, line 2447: TypeError: Ember.get(...) is not a function
JavaScript error: https://static-exp1.licdn.com/sc/h/br/bnfs8m8qbxpuk9d32t1ukit4n, line 2447: TypeError: Ember.get(...) is not a function
JavaScript error: https://static-exp1.licdn.com/sc/h/br/bnfs8m8qbxpuk9d32t1ukit4n, line 2447: TypeError: Ember.get(...) is not a function
JavaScript error: https://static-exp1.licdn.com/sc/h/br/bnfs8m8qbxpuk9d32t1ukit4n, line 2447: TypeError: Ember.get(...) is not a function
JavaScript error: https://static-exp1.licdn.com/sc/h/br/bnfs8m8qbxpuk9d32t1ukit4n, line 2447: TypeError: Ember.get(...) is not a function
JavaScript error: https://static-exp1.licdn.com/sc/h/br/bnfs8m8qbxpuk9d32t1ukit4n, line 2447: TypeError: Ember.get(...) is not a function
1611789933738	geckodriver	INFO	Listening on 127.0.0.1:50061
1611789936790	mozrunner::runner	INFO	Running command: "C:\\Program Files\\Mozilla Firefox\\firefox.exe" "--marionette" "-foreground" "-no-remote" "-profile" "C:\\Users\\RaduE\\AppData\\Local\\Temp\\rust_mozprofilelXuvnP"
console.warn: SearchSettings: "get: No settings file exists, new profile?" (new Error("", "(unknown module)"))
console.warn: SearchSettings: "get: No settings file exists, new profile?" (new Error("", "(unknown module)"))
1611789938661	Marionette	INFO	Listening on port 50073
1611789938814	Marionette	WARN	TLS certificate errors will be ignored for this session
1611789938828	Marionette	ERROR	[15] No reply from Marionette:Register
JavaScript error: https://static-exp1.licdn.com/sc/h/br/bnfs8m8qbxpuk9d32t1ukit4n, line 2447: TypeError: Ember.get(...) is not a function
JavaScript error: https://static-exp1.licdn.com/sc/h/br/bnfs8m8qbxpuk9d32t1ukit4n, line 2447: TypeError: Ember.get(...) is not a function
JavaScript error: https://static-exp1.licdn.com/sc/h/br/bnfs8m8qbxpuk9d32t1ukit4n, line 2447: TypeError: Ember.get(...) is not a function
JavaScript error: https://static-exp1.licdn.com/sc/h/br/bnfs8m8qbxpuk9d32t1ukit4n, line 2447: TypeError: Ember.get(...) is not a function
JavaScript error: https://static-exp1.licdn.com/sc/h/br/bnfs8m8qbxpuk9d32t1ukit4n, line 2447: TypeError: Ember.get(...) is not a function
JavaScript error: https://static-exp1.licdn.com/sc/h/br/bnfs8m8qbxpuk9d32t1ukit4n, line 2447: TypeError: Ember.get(...) is not a function
JavaScript error: https://static-exp1.licdn.com/sc/h/br/bnfs8m8qbxpuk9d32t1ukit4n, line 2447: TypeError: Ember.get(...) is not a function
JavaScript error: https://static-exp1.licdn.com/sc/h/br/bnfs8m8qbxpuk9d32t1ukit4n, line 2447: TypeError: Ember.get(...) is not a function
JavaScript error: https://static-exp1.licdn.com/sc/h/br/bnfs8m8qbxpuk9d32t1ukit4n, line 2447: TypeError: Ember.get(...) is not a function
JavaScript error: https://static-exp1.licdn.com/sc/h/br/bnfs8m8qbxpuk9d32t1ukit4n, line 2447: TypeError: Ember.get(...) is not a function
JavaScript error: https://static-exp1.licdn.com/sc/h/br/bnfs8m8qbxpuk9d32t1ukit4n, line 2447: TypeError: Ember.get(...) is not a function
JavaScript error: https://static-exp1.licdn.com/sc/h/br/bnfs8m8qbxpuk9d32t1ukit4n, line 2447: TypeError: Ember.get(...) is not a function
JavaScript error: https://static-exp1.licdn.com/sc/h/br/bnfs8m8qbxpuk9d32t1ukit4n, line 2447: TypeError: Ember.get(...) is not a function
JavaScript error: https://static-exp1.licdn.com/sc/h/br/bnfs8m8qbxpuk9d32t1ukit4n, line 2447: TypeError: Ember.get(...) is not a function
JavaScript error: https://static-exp1.licdn.com/sc/h/br/bnfs8m8qbxpuk9d32t1ukit4n, line 2447: TypeError: Ember.get(...) is not a function
JavaScript error: https://static-exp1.licdn.com/sc/h/br/bnfs8m8qbxpuk9d32t1ukit4n, line 2447: TypeError: Ember.get(...) is not a function
JavaScript error: https://static-exp1.licdn.com/sc/h/br/bnfs8m8qbxpuk9d32t1ukit4n, line 2447: TypeError: Ember.get(...) is not a function
JavaScript error: https://static-exp1.licdn.com/sc/h/br/bnfs8m8qbxpuk9d32t1ukit4n, line 2447: TypeError: Ember.get(...) is not a function
JavaScript error: https://static-exp1.licdn.com/sc/h/br/bnfs8m8qbxpuk9d32t1ukit4n, line 2447: TypeError: Ember.get(...) is not a function
JavaScript error: https://static-exp1.licdn.com/sc/h/br/bnfs8m8qbxpuk9d32t1ukit4n, line 2447: TypeError: Ember.get(...) is not a function
JavaScript error: https://static-exp1.licdn.com/sc/h/br/bnfs8m8qbxpuk9d32t1ukit4n, line 2447: TypeError: Ember.get(...) is not a function
JavaScript error: https://static-exp1.licdn.com/sc/h/br/bnfs8m8qbxpuk9d32t1ukit4n, line 2447: TypeError: Ember.get(...) is not a function
JavaScript error: https://static-exp1.licdn.com/sc/h/br/bnfs8m8qbxpuk9d32t1ukit4n, line 2447: TypeError: Ember.get(...) is not a function
JavaScript error: https://static-exp1.licdn.com/sc/h/br/bnfs8m8qbxpuk9d32t1ukit4n, line 2447: TypeError: Ember.get(...) is not a function
JavaScript error: https://static-exp1.licdn.com/sc/h/br/bnfs8m8qbxpuk9d32t1ukit4n, line 2447: TypeError: Ember.get(...) is not a function
JavaScript error: https://static-exp1.licdn.com/sc/h/br/bnfs8m8qbxpuk9d32t1ukit4n, line 2447: TypeError: Ember.get(...) is not a function
JavaScript error: https://static-exp1.licdn.com/sc/h/br/bnfs8m8qbxpuk9d32t1ukit4n, line 2447: TypeError: Ember.get(...) is not a function
JavaScript error: https://static-exp1.licdn.com/sc/h/br/bnfs8m8qbxpuk9d32t1ukit4n, line 2447: TypeError: Ember.get(...) is not a function
JavaScript error: https://static-exp1.licdn.com/sc/h/br/bnfs8m8qbxpuk9d32t1ukit4n, line 2447: TypeError: Ember.get(...) is not a function
JavaScript error: https://static-exp1.licdn.com/sc/h/br/bnfs8m8qbxpuk9d32t1ukit4n, line 2447: TypeError: Ember.get(...) is not a function
JavaScript error: https://static-exp1.licdn.com/sc/h/br/bnfs8m8qbxpuk9d32t1ukit4n, line 2447: TypeError: Ember.get(...) is not a function
JavaScript error: https://static-exp1.licdn.com/sc/h/br/bnfs8m8qbxpuk9d32t1ukit4n, line 2447: TypeError: Ember.get(...) is not a function
JavaScript error: https://static-exp1.licdn.com/sc/h/br/bnfs8m8qbxpuk9d32t1ukit4n, line 2447: TypeError: Ember.get(...) is not a function
JavaScript error: https://static-exp1.licdn.com/sc/h/br/bnfs8m8qbxpuk9d32t1ukit4n, line 2447: TypeError: Ember.get(...) is not a function
JavaScript error: https://static-exp1.licdn.com/sc/h/br/bnfs8m8qbxpuk9d32t1ukit4n, line 2447: TypeError: Ember.get(...) is not a function
JavaScript error: https://static-exp1.licdn.com/sc/h/br/bnfs8m8qbxpuk9d32t1ukit4n, line 2447: TypeError: Ember.get(...) is not a function
JavaScript error: https://static-exp1.licdn.com/sc/h/br/bnfs8m8qbxpuk9d32t1ukit4n, line 2447: TypeError: Ember.get(...) is not a function
JavaScript error: https://static-exp1.licdn.com/sc/h/br/bnfs8m8qbxpuk9d32t1ukit4n, line 2447: TypeError: Ember.get(...) is not a function
JavaScript error: https://static-exp1.licdn.com/sc/h/br/bnfs8m8qbxpuk9d32t1ukit4n, line 2447: TypeError: Ember.get(...) is not a function
JavaScript error: https://static-exp1.licdn.com/sc/h/br/bnfs8m8qbxpuk9d32t1ukit4n, line 2447: TypeError: Ember.get(...) is not a function
JavaScript error: https://static-exp1.licdn.com/sc/h/br/bnfs8m8qbxpuk9d32t1ukit4n, line 2447: TypeError: Ember.get(...) is not a function
JavaScript error: https://static-exp1.licdn.com/sc/h/br/bnfs8m8qbxpuk9d32t1ukit4n, line 2447: TypeError: Ember.get(...) is not a function
JavaScript error: https://static-exp1.licdn.com/sc/h/br/bnfs8m8qbxpuk9d32t1ukit4n, line 2447: TypeError: Ember.get(...) is not a function
JavaScript error: https://static-exp1.licdn.com/sc/h/br/bnfs8m8qbxpuk9d32t1ukit4n, line 2447: TypeError: Ember.get(...) is not a function
JavaScript error: https://static-exp1.licdn.com/sc/h/br/bnfs8m8qbxpuk9d32t1ukit4n, line 2447: TypeError: Ember.get(...) is not a function
JavaScript error: https://static-exp1.licdn.com/sc/h/br/bnfs8m8qbxpuk9d32t1ukit4n, line 2447: TypeError: Ember.get(...) is not a function
JavaScript error: https://static-exp1.licdn.com/sc/h/br/bnfs8m8qbxpuk9d32t1ukit4n, line 2447: TypeError: Ember.get(...) is not a function
JavaScript error: https://static-exp1.licdn.com/sc/h/br/bnfs8m8qbxpuk9d32t1ukit4n, line 2447: TypeError: Ember.get(...) is not a function
JavaScript error: https://static-exp1.licdn.com/sc/h/br/bnfs8m8qbxpuk9d32t1ukit4n, line 2447: TypeError: Ember.get(...) is not a function
JavaScript error: https://static-exp1.licdn.com/sc/h/br/bnfs8m8qbxpuk9d32t1ukit4n, line 2447: TypeError: Ember.get(...) is not a function
JavaScript error: https://static-exp1.licdn.com/sc/h/br/bnfs8m8qbxpuk9d32t1ukit4n, line 2447: TypeError: Ember.get(...) is not a function
JavaScript error: https://static-exp1.licdn.com/sc/h/br/bnfs8m8qbxpuk9d32t1ukit4n, line 2447: TypeError: Ember.get(...) is not a function
JavaScript error: https://static-exp1.licdn.com/sc/h/br/bnfs8m8qbxpuk9d32t1ukit4n, line 2447: TypeError: Ember.get(...) is not a function
JavaScript error: https://static-exp1.licdn.com/sc/h/br/bnfs8m8qbxpuk9d32t1ukit4n, line 2447: TypeError: Ember.get(...) is not a function
JavaScript error: https://static-exp1.licdn.com/sc/h/br/bnfs8m8qbxpuk9d32t1ukit4n, line 2447: TypeError: Ember.get(...) is not a function
JavaScript error: https://static-exp1.licdn.com/sc/h/br/bnfs8m8qbxpuk9d32t1ukit4n, line 2447: TypeError: Ember.get(...) is not a function
JavaScript error: https://static-exp1.licdn.com/sc/h/br/bnfs8m8qbxpuk9d32t1ukit4n, line 2447: TypeError: Ember.get(...) is not a function
JavaScript error: https://static-exp1.licdn.com/sc/h/br/bnfs8m8qbxpuk9d32t1ukit4n, line 2447: TypeError: Ember.get(...) is not a function
JavaScript error: https://static-exp1.licdn.com/sc/h/br/bnfs8m8qbxpuk9d32t1ukit4n, line 2447: TypeError: Ember.get(...) is not a function
JavaScript error: https://static-exp1.licdn.com/sc/h/br/bnfs8m8qbxpuk9d32t1ukit4n, line 2447: TypeError: Ember.get(...) is not a function
JavaScript error: https://static-exp1.licdn.com/sc/h/br/bnfs8m8qbxpuk9d32t1ukit4n, line 2447: TypeError: Ember.get(...) is not a function
JavaScript error: https://static-exp1.licdn.com/sc/h/br/bnfs8m8qbxpuk9d32t1ukit4n, line 2447: TypeError: Ember.get(...) is not a function
JavaScript error: https://static-exp1.licdn.com/sc/h/br/bnfs8m8qbxpuk9d32t1ukit4n, line 2447: TypeError: Ember.get(...) is not a function
JavaScript error: https://static-exp1.licdn.com/sc/h/br/bnfs8m8qbxpuk9d32t1ukit4n, line 2447: TypeError: Ember.get(...) is not a function
1611789993756	geckodriver	INFO	Listening on 127.0.0.1:50243
1611789996807	mozrunner::runner	INFO	Running command: "C:\\Program Files\\Mozilla Firefox\\firefox.exe" "--marionette" "-foreground" "-no-remote" "-profile" "C:\\Users\\RaduE\\AppData\\Local\\Temp\\rust_mozprofileCoyQp4"
console.warn: SearchSettings: "get: No settings file exists, new profile?" (new Error("", "(unknown module)"))
console.warn: SearchSettings: "get: No settings file exists, new profile?" (new Error("", "(unknown module)"))
1611789998622	Marionette	INFO	Listening on port 50256
1611789998828	Marionette	WARN	TLS certificate errors will be ignored for this session
1611789998839	Marionette	ERROR	[15] No reply from Marionette:Register
1611790096140	Marionette	INFO	Stopped listening on port 50256

###!!! [Child][RunMessage] Error: Channel closing: too late to send/recv, messages will be lost

"--marionette" "-foreground" "-no-remote" "-profile" "C:\\Users\\RaduE\\AppData\\Local\\Temp\\rust_mozprofilebfXiEF"
console.warn: SearchSettings: "get: No settings file exists, new profile?" (new Error("", "(unknown module)"))
console.warn: SearchSettings: "get: No settings file exists, new profile?" (new Error("", "(unknown module)"))
1611790060046	Marionette	INFO	Listening on port 50418
1611790060341	Marionette	WARN	TLS certificate errors will be ignored for this session
1611790060350	Marionette	ERROR	[15] No reply from Marionette:Register
1611790094261	Marionette	INFO	Stopped listening on port 50418

###!!! [Child][RunMessage] Error: Channel closing: too late to send/recv, messages will be lost

"--marionette" "-foreground" "-no-remote" "-profile" "C:\\Users\\RaduE\\AppData\\Local\\Temp\\rust_mozprofilehGRb6c"
1611790091870	geckodriver	INFO	Listening on 127.0.0.1:50618
1611790094907	mozrunner::runner	INFO	Running command: "C:\\Program Files\\Mozilla Firefox\\firefox.exe" "--marionette" "-foreground" "-no-remote" "-profile" "C:\\Users\\RaduE\\AppData\\Local\\Temp\\rust_mozprofilebLqEMI"
console.warn: SearchSettings: "get: No settings file exists, new profile?" (new Error("", "(unknown module)"))
console.warn: SearchSettings: "get: No settings file exists, new profile?" (new Error("", "(unknown module)"))
1611790097102	Marionette	INFO	Listening on port 50637
1611790097539	Marionette	WARN	TLS certificate errors will be ignored for this session
1611790097552	Marionette	ERROR	[15] No reply from Marionette:Register
1611790098072	Marionette	INFO	Stopped listening on port 50637
1611790099793	geckodriver	INFO	Listening on 127.0.0.1:50710
1611790102842	mozrunner::runner	INFO	Running command: "C:\\Program Files\\Mozilla Firefox\\firefox.exe" "--marionette" "-foreground" "-no-remote" "-profile" "C:\\Users\\RaduE\\AppData\\Local\\Temp\\rust_mozprofilelTGhmq"
console.warn: SearchSettings: "get: No settings file exists, new profile?" (new Error("", "(unknown module)"))
console.warn: SearchSettings: "get: No settings file exists, new profile?" (new Error("", "(unknown module)"))
1611790104621	Marionette	INFO	Listening on port 50725
1611790104866	Marionette	WARN	TLS certificate errors will be ignored for this session
1611790104876	Marionette	ERROR	[15] No reply from Marionette:Register
JavaScript error: https://static-exp1.licdn.com/sc/h/br/bnfs8m8qbxpuk9d32t1ukit4n, line 2447: TypeError: Ember.get(...) is not a function
console.warn: "Async method failed in safeAsyncMethod" (new Error("Connection closed, pending request to server0.conn0.child3/domwalker25, type cancelPick failed\n\nRequest stack:\nrequest@resource://devtools/shared/protocol/Front.js:288:14\ngenerateRequestMethods/</frontProto[namconsole.warn: SearchSettings: "get: No settings file exists, new profile?" (new Error("", "(unknown module)"))
console.warn: SearchSettings: "get: No settings file exists, new profile?" (new Error("", "(unknown module)"))
1611790230451	Marionette	INFO	Listening on port 50931
1611790230489	Marionette	WARN	TLS certificate errors will be ignored for this session
1611790230501	Marionette	ERROR	[15] No reply from Marionette:Register
1611790245991	Marionette	INFO	Stopped listening on port 50931

###!!! [Child][RunMessage] Error: Channel closing: too late to send/recv, messages will be lost

tClassDestroy@resource://devtools/shared/protocol/Front.js:103:13\ndestroy@resource://devtools/shared/protocol/Front.js:67:10\ndestroy@resource://devtools/client/fronts/inspector.js:91:11\n_destroyTarget@resource://devtools/client/fronts/targets/target-mixin.js:603:17\n", "resource://devtools/shared/protocol/Front.js", 99))
1611790229823	Marionette	INFO	Stopped listening on port 50725

###!!! [Child][RunMessage] Error: Channel closing: too late to send/recv, messages will be lost

1611790282308	geckodriver	INFO	Listening on 127.0.0.1:51090
1611790285357	mozrunner::runner	INFO	Running command: "C:\\Program Files\\Mozilla Firefox\\firefox.exe" "--marionette" "-foreground" "-no-remote" "-profile" "C:\\Users\\RaduE\\AppData\\Local\\Temp\\rust_mozprofileB2vRC5"
console.warn: SearchSettings: "get: No settings file exists, new profile?" (new Error("", "(unknown module)"))
console.warn: SearchSettings: "get: No settings file exists, new profile?" (new Error("", "(unknown module)"))
1611790287210	Marionette	INFO	Listening on port 51102
1611790287380	Marionette	WARN	TLS certificate errors will be ignored for this session
1611790287391	Marionette	ERROR	[18] No reply from Marionette:Register
1611790338082	Marionette	INFO	Stopped listening on port 51102

###!!! [Child][RunMessage] Error: Channel closing: too late to send/recv, messages will be lost

1611790529357	geckodriver	INFO	Listening on 127.0.0.1:51357
1611790532387	mozrunner::runner	INFO	Running command: "C:\\Program Files\\Mozilla Firefox\\firefox.exe" "--marionette" "-foreground" "-no-remote" "-profile" "C:\\Users\\RaduE\\AppData\\Local\\Temp\\rust_mozprofileGYGD9O"
console.warn: SearchSettings: "get: No settings file exists, new profile?" (new Error("", "(unknown module)"))
console.warn: SearchSettings: "get: No settings file exists, new profile?" (new Error("", "(unknown module)"))
1611790534223	Marionette	INFO	Listening on port 51376
1611790534418	Marionette	WARN	TLS certificate errors will be ignored for this session
1611790534429	Marionette	ERROR	[18] No reply from Marionette:Register
1611790573032	Marionette	INFO	Stopped listening on port 51376

###!!! [Child][RunMessage] Error: Channel closing: too late to send/recv, messages will be lost

1611790575601	geckodriver	INFO	Listening on 127.0.0.1:51525
1611790578645	mozrunner::runner	INFO	Running command: "C:\\Program Files\\Mozilla Firefox\\firefox.exe" "--marionette" "-foreground" "-no-remote" "-profile" "C:\\Users\\RaduE\\AppData\\Local\\Temp\\rust_mozprofilekNkVAG"
console.warn: SearchSettings: "get: No settings file exists, new profile?" (new Error("", "(unknown module)"))
console.warn: SearchSettings: "get: No settings file exists, new profile?" (new Error("", "(unknown module)"))
1611790580428	Marionette	INFO	Listening on port 51537
1611790580667	Marionette	WARN	TLS certificate errors will be ignored for this session
1611790580677	Marionette	ERROR	[15] No reply from Marionette:Register
1611792190802	Marionette	INFO	Stopped listening on port 51537

###!!! [Child][RunMessage] Error: Channel closing: too late to send/recv, messages will be lost

"--marionette" "-foreground" "-no-remote" "-profile" "C:\\Users\\RaduE\\AppData\\Local\\Temp\\rust_mozprofileQ2Ply9"
console.warn: SearchSettings: "get: No settings file exists, new profile?" (new Error("", "(unknown module)"))
console.warn: SearchSettings: "get: No settings file exists, new profile?" (new Error("", "(unknown module)"))
1611791906968	Marionette	INFO	Listening on port 52472
1611791907097	Marionette	WARN	TLS certificate errors will be ignored for this session
1611791907109	Marionette	ERROR	[18] No reply from Marionette:Register
1611791917940	Marionette	INFO	Stopped listening on port 52472
1611792108325	geckodriver	INFO	Listening on 127.0.0.1:52621
1611792111375	mozrunner::runner	INFO	Running command: "C:\\Program Files\\Mozilla Firefox\\firefox.exe" "--marionette" "-foreground" "-no-remote" "-profile" "C:\\Users\\RaduE\\AppData\\Local\\Temp\\rust_mozprofileisYZbs"
console.warn: SearchSettings: "get: No settings file exists, new profile?" (new Error("", "(unknown module)"))
console.warn: SearchSettings: "get: No settings file exists, new profile?" (new Error("", "(unknown module)"))
1611792113244	Marionette	INFO	Listening on port 52639
1611792113411	Marionette	WARN	TLS certificate errors will be ignored for this session
1611792113423	Marionette	ERROR	[18] No reply from Marionette:Register
JavaScript error: , line 0: uncaught exception: Object
JavaScript error: , line 0: uncaught exception: Object
JavaScript error: , line 0: uncaught exception: Object
JavaScript error: , line 0: uncaught exception: Object
JavaScript error: , line 0: uncaught exception: Object
JavaScript error: , line 0: uncaught exception: Object
JavaScript error: , line 0: uncaught exception: Object
JavaScript error: , line 0: uncaught exception: Object
JavaScript error: , line 0: uncaught exception: Object
JavaScript error: , line 0: uncaught exception: Object
JavaScript error: , line 0: uncaught exception: Object
JavaScript error: , line 0: uncaught exception: Object
JavaScript error: , line 0: uncaught exception: Object
JavaScript error: , line 0: uncaught exception: Object
Marionette threw an error: TypeError: browsingContextFn() is null
getMarionetteCommandsActorProxy/get/<@chrome://marionette/content/actors/MarionetteCommandsParent.jsm:332:29

[Parent 20244, IPC I/O Parent] WARNING: file /builds/worker/checkouts/gecko/ipc/chromium/src/base/process_util_win.cc:167
1611792192564	Marionette	INFO	Stopped listening on port 52639

###!!! [Child][RunMessage] Error: Channel closing: too late to send/recv, messages will be lost

1611792196880	geckodriver	INFO	Listening on 127.0.0.1:52793
1611792199931	mozrunner::runner	INFO	Running command: "C:\\Program Files\\Mozilla Firefox\\firefox.exe" "--marionette" "-foreground" "-no-remote" "-profile" "C:\\Users\\RaduE\\AppData\\Local\\Temp\\rust_mozprofilefzFwL4"
console.warn: SearchSettings: "get: No settings file exists, new profile?" (new Error("", "(unknown module)"))
console.warn: SearchSettings: "get: No settings file exists, new profile?" (new Error("", "(unknown module)"))
1611792201621	Marionette	INFO	Listening on port 52805
1611792201953	Marionette	WARN	TLS certificate errors will be ignored for this session
1611792201963	Marionette	ERROR	[15] No reply from Marionette:Register
1611792286481	Marionette	INFO	Stopped listening on port 52805

###!!! [Child][RunMessage] Error: Channel closing: too late to send/recv, messages will be lost

1611792288412	geckodriver	INFO	Listening on 127.0.0.1:52982
1611792291444	mozrunner::runner	INFO	Running command: "C:\\Program Files\\Mozilla Firefox\\firefox.exe" "--marionette" "-foreground" "-no-remote" "-profile" "C:\\Users\\RaduE\\AppData\\Local\\Temp\\rust_mozprofiledTmmFX"
console.warn: SearchSettings: "get: No settings file exists, new profile?" (new Error("", "(unknown module)"))
console.warn: SearchSettings: "get: No settings file exists, new profile?" (new Error("", "(unknown module)"))
1611792293215	Marionette	INFO	Listening on port 52994
1611792293469	Marionette	WARN	TLS certificate errors will be ignored for this session
1611792293485	Marionette	ERROR	[18] No reply from Marionette:Register
1611792431360	Marionette	INFO	Stopped listening on port 52994

###!!! [Child][RunMessage] Error: Channel closing: too late to send/recv, messages will be lost

1611792473101	geckodriver	INFO	Listening on 127.0.0.1:53157
1611792476152	mozrunner::runner	INFO	Running command: "C:\\Program Files\\Mozilla Firefox\\firefox.exe" "--marionette" "-foreground" "-no-remote" "-profile" "C:\\Users\\RaduE\\AppData\\Local\\Temp\\rust_mozprofileOtCbzv"
console.warn: SearchSettings: "get: No settings file exists, new profile?" (new Error("", "(unknown module)"))
console.warn: SearchSettings: "get: No settings file exists, new profile?" (new Error("", "(unknown module)"))
1611792477921	Marionette	INFO	Listening on port 53175
1611792478173	Marionette	WARN	TLS certificate errors will be ignored for this session
1611792478185	Marionette	ERROR	[18] No reply from Marionette:Register
1611793126967	Marionette	INFO	Stopped listening on port 53175

###!!! [Child][RunMessage] Error: Channel closing: too late to send/recv, messages will be lost

"--marionette" "-foreground" "-no-remote" "-profile" "C:\\Users\\RaduE\\AppData\\Local\\Temp\\rust_mozprofileF83O9U"
console.warn: SearchSettings: "get: No settings file exists, new profile?" (new Error("", "(unknown module)"))
console.warn: SearchSettings: "get: No settings file exists, new profile?" (new Error("", "(unknown module)"))
1611792871060	Marionette	INFO	Listening on port 53567
1611792871186	Marionette	WARN	TLS certificate errors will be ignored for this session
1611792871199	Marionette	ERROR	[18] No reply from Marionette:Register
JavaScript error: , line 0: uncaught exception: Object
1611792881404	Marionette	INFO	Stopped listening on port 53567

###!!! [Child][RunMessage] Error: Channel closing: too late to send/recv, messages will be lost

1611793421827	geckodriver	INFO	Listening on 127.0.0.1:54318
1611793424865	mozrunner::runner	INFO	Running command: "C:\\Program Files\\Mozilla Firefox\\firefox.exe" "--marionette" "-foreground" "-no-remote" "-profile" "C:\\Users\\RaduE\\AppData\\Local\\Temp\\rust_mozprofilePS00tj"
console.warn: SearchSettings: "get: No settings file exists, new profile?" (new Error("", "(unknown module)"))
console.warn: SearchSettings: "get: No settings file exists, new profile?" (new Error("", "(unknown module)"))
1611793426679	Marionette	INFO	Listening on port 54331
1611793426893	Marionette	WARN	TLS certificate errors will be ignored for this session
1611793426907	Marionette	ERROR	[18] No reply from Marionette:Register
1611793437980	Marionette	INFO	Stopped listening on port 54331

###!!! [Child][RunMessage] Error: Channel closing: too late to send/recv, messages will be lost

1611794289434	geckodriver	INFO	Listening on 127.0.0.1:54979
1611794292483	mozrunner::runner	INFO	Running command: "C:\\Program Files\\Mozilla Firefox\\firefox.exe" "--marionette" "-foreground" "-no-remote" "-profile" "C:\\Users\\RaduE\\AppData\\Local\\Temp\\rust_mozprofileB2UGrx"
console.warn: SearchSettings: "get: No settings file exists, new profile?" (new Error("", "(unknown module)"))
console.warn: SearchSettings: "get: No settings file exists, new profile?" (new Error("", "(unknown module)"))
1611794294337	Marionette	INFO	Listening on port 54991
1611794294504	Marionette	WARN	TLS certificate errors will be ignored for this session
1611794294515	Marionette	ERROR	[18] No reply from Marionette:Register
1611794312632	Marionette	INFO	Stopped listening on port 54991

###!!! [Child][RunMessage] Error: Channel closing: too late to send/recv, messages will be lost

1611794451685	geckodriver	INFO	Listening on 127.0.0.1:55275
1611794454735	mozrunner::runner	INFO	Running command: "C:\\Program Files\\Mozilla Firefox\\firefox.exe" "--marionette" "-foreground" "-no-remote" "-profile" "C:\\Users\\RaduE\\AppData\\Local\\Temp\\rust_mozprofileEtto85"
console.warn: SearchSettings: "get: No settings file exists, new profile?" (new Error("", "(unknown module)"))
console.warn: SearchSettings: "get: No settings file exists, new profile?" (new Error("", "(unknown module)"))
1611794456665	Marionette	INFO	Listening on port 55288
1611794456756	Marionette	WARN	TLS certificate errors will be ignored for this session
1611794456767	Marionette	ERROR	[15] No reply from Marionette:Register
1611794465075	Marionette	INFO	Stopped listening on port 55288
1611795428000	geckodriver	INFO	Listening on 127.0.0.1:55513
1611795431044	mozrunner::runner	INFO	Running command: "C:\\Program Files\\Mozilla Firefox\\firefox.exe" "--marionette" "-foreground" "-no-remote" "-profile" "C:\\Users\\RaduE\\AppData\\Local\\Temp\\rust_mozprofilesYyUOs"
console.warn: SearchSettings: "get: No settings file exists, new profile?" (new Error("", "(unknown module)"))
console.warn: SearchSettings: "get: No settings file exists, new profile?" (new Error("", "(unknown module)"))
1611795432784	Marionette	INFO	Listening on port 55526
1611795433083	Marionette	WARN	TLS certificate errors will be ignored for this session
1611795433098	Marionette	ERROR	[18] No reply from Marionette:Register
JavaScript error: , line 0: uncaught exception: Object
1611795446610	Marionette	INFO	Stopped listening on port 55526
